connection handler started
connection handler done
wait
connection handler: 4
client id127.0.0.145228added
connection handler: 5
client id127.0.0.145240added
connection handler: 6
client id127.0.0.145242added
connection handler: 7
client id127.0.0.145246added
connection handler: 8
client id127.0.0.145250added
done
0

10

20

30

40

50

60

70

80

90

100

110

120

130

140


wait
done
0

10

20

30

40

50

60

70

80

90

100

110

120

130

140


wait
done
0

10

20

30

40

50

60

70

80

90

100

110

120

130

140


wait
done
0

10

20

30

40

50

60

70

80

90

100

110

120

130

140


wait
done
0

10

20

30

40

50

60

70

80

90

100

110

120

130

140


wait
connection handler: 9
client id127.0.0.142142added
connection handler: 4
client id127.0.0.142124added
done
connection handler: 5
client id127.0.0.142148added
0

connection handler: 6
client id127.0.0.142162added
10

20

30

40

50

60

70

80

90

100

110

120

130

140


wait
done
0

10

20

30

40

50

60

70

80

90

100

110

120

130

140


wait
done
0

10

20

30

40

50

60

70

80

90

100

110

120

130

140


wait
done
0

10

20

30

40

50

60

70

80

90

100

110

120

130

140


wait
connection handler: 7
client id127.0.0.160352added
done
0

10

20

30

40

50

60

70

80

90

100

110

120

130

140


wait
connection handler: 4
client id127.0.0.144168added
done
0

10

20

30

40

50

60

70

80

90

100

110

120

130

140


wait
connection handler: 5
client id127.0.0.144220added
done
0

connection handler: 4
client id127.0.0.144256added
connection handler: 6
client id127.0.0.144282added
10

20

30

40

50

60

70

80

90

100

110

120

130

140


wait
done
0

10

20

30

40

50

60

70

80

90

100

110

120

130

140


wait
done
0

10

20

30

40

50

60

70

80

90

100

110

120

130

140


wait
connection handler: 7
client id127.0.0.134750added
connection handler: 4
client id127.0.0.134786added
done
0

10

connection handler: 5
client id127.0.0.134848added
20

30

40

50

60

70

80

90

100

110

120

130

140


wait
done
0

10

20

30

40

50

60

70

80

90

100

110

120

130

140


wait
done
0

10

20

30

40

50

60

70

80

90

100

110

120

130

140


wait
connection handler: 6
client id127.0.0.134850added
connection handler: 4
client id127.0.0.134912added
connection handler: 5
client id127.0.0.134946added
connection handler: 7
client id127.0.0.134988added
done
0

10

20

30

40

50


wait
done
0

